# JRE version: OpenJDK Runtime Environment (11.0.11+9) (build 11.0.11+9-b60-7590822)
# Java VM: OpenJDK 64-Bit Server VM (11.0.11+9-b60-7590822, mixed mode, tiered, compressed oops, g1 gc, windows-amd64)
Heap:
 garbage-first heap   total 253952K, used 57929K [0x00000000a0000000, 0x0000000100000000)
  region size 1024K, 43 young (44032K), 7 survivors (7168K)
 Metaspace       used 38237K, capacity 39140K, committed 39324K, reserved 1083392K
  class space    used 4903K, capacity 5243K, committed 5324K, reserved 1048576K
GC Heap History (14 events):
Event: 3.562 GC heap before
{Heap before GC invocations=0 (full 0):
 garbage-first heap   total 253952K, used 17408K [0x00000000a0000000, 0x0000000100000000)
  region size 1024K, 14 young (14336K), 0 survivors (0K)
 Metaspace       used 6754K, capacity 6937K, committed 7168K, reserved 1056768K
  class space    used 582K, capacity 650K, committed 768K, reserved 1048576K
}
Event: 3.710 GC heap after
{Heap after GC invocations=1 (full 0):
 garbage-first heap   total 253952K, used 4345K [0x00000000a0000000, 0x0000000100000000)
  region size 1024K, 2 young (2048K), 2 survivors (2048K)
 Metaspace       used 6754K, capacity 6937K, committed 7168K, reserved 1056768K
  class space    used 582K, capacity 650K, committed 768K, reserved 1048576K
}
Event: 6.729 GC heap before
{Heap before GC invocations=1 (full 0):
 garbage-first heap   total 253952K, used 19705K [0x00000000a0000000, 0x0000000100000000)
  region size 1024K, 14 young (14336K), 2 survivors (2048K)
 Metaspace       used 9937K, capacity 10130K, committed 10368K, reserved 1058816K
  class space    used 1029K, capacity 1102K, committed 1152K, reserved 1048576K
}
Event: 6.745 GC heap after
{Heap after GC invocations=2 (full 0):
 garbage-first heap   total 253952K, used 9383K [0x00000000a0000000, 0x0000000100000000)
  region size 1024K, 2 young (2048K), 2 survivors (2048K)
 Metaspace       used 9937K, capacity 10130K, committed 10368K, reserved 1058816K
  class space    used 1029K, capacity 1102K, committed 1152K, reserved 1048576K
}
Event: 13.766 GC heap before
{Heap before GC invocations=2 (full 0):
 garbage-first heap   total 253952K, used 38055K [0x00000000a0000000, 0x0000000100000000)
  region size 1024K, 29 young (29696K), 2 survivors (2048K)
 Metaspace       used 10893K, capacity 11085K, committed 11264K, reserved 1058816K
  class space    used 1131K, capacity 1207K, committed 1280K, reserved 1048576K
}
Event: 13.778 GC heap after
{Heap after GC invocations=3 (full 0):
 garbage-first heap   total 253952K, used 12425K [0x00000000a0000000, 0x0000000100000000)
  region size 1024K, 4 young (4096K), 4 survivors (4096K)
 Metaspace       used 10893K, capacity 11085K, committed 11264K, reserved 1058816K
  class space    used 1131K, capacity 1207K, committed 1280K, reserved 1048576K
}
Event: 34.277 GC heap before
{Heap before GC invocations=3 (full 0):
 garbage-first heap   total 253952K, used 51337K [0x00000000a0000000, 0x0000000100000000)
  region size 1024K, 43 young (44032K), 4 survivors (4096K)
 Metaspace       used 17200K, capacity 17531K, committed 17792K, reserved 1064960K
  class space    used 1984K, capacity 2099K, committed 2176K, reserved 1048576K
}
Event: 34.293 GC heap after
{Heap after GC invocations=4 (full 0):
 garbage-first heap   total 253952K, used 16062K [0x00000000a0000000, 0x0000000100000000)
  region size 1024K, 6 young (6144K), 6 survivors (6144K)
 Metaspace       used 17200K, capacity 17531K, committed 17792K, reserved 1064960K
  class space    used 1984K, capacity 2099K, committed 2176K, reserved 1048576K
}
Event: 36.226 GC heap before
{Heap before GC invocations=4 (full 0):
 garbage-first heap   total 253952K, used 45758K [0x00000000a0000000, 0x0000000100000000)
  region size 1024K, 36 young (36864K), 6 survivors (6144K)
 Metaspace       used 20707K, capacity 21171K, committed 21296K, reserved 1069056K
  class space    used 2507K, capacity 2658K, committed 2688K, reserved 1048576K
}
Event: 36.254 GC heap after
{Heap after GC invocations=5 (full 0):
 garbage-first heap   total 253952K, used 17593K [0x00000000a0000000, 0x0000000100000000)
  region size 1024K, 2 young (2048K), 2 survivors (2048K)
 Metaspace       used 20707K, capacity 21171K, committed 21296K, reserved 1069056K
  class space    used 2507K, capacity 2658K, committed 2688K, reserved 1048576K
}
Event: 41.379 GC heap before
{Heap before GC invocations=6 (full 0):
 garbage-first heap   total 253952K, used 71865K [0x00000000a0000000, 0x0000000100000000)
  region size 1024K, 55 young (56320K), 2 survivors (2048K)
 Metaspace       used 26484K, capacity 27068K, committed 27264K, reserved 1073152K
  class space    used 3425K, capacity 3672K, committed 3712K, reserved 1048576K
}
Event: 41.390 GC heap after
{Heap after GC invocations=7 (full 0):
 garbage-first heap   total 253952K, used 19714K [0x00000000a0000000, 0x0000000100000000)
  region size 1024K, 4 young (4096K), 4 survivors (4096K)
 Metaspace       used 26484K, capacity 27068K, committed 27264K, reserved 1073152K
  class space    used 3425K, capacity 3672K, committed 3712K, reserved 1048576K
}
Event: 47.255 GC heap before
{Heap before GC invocations=7 (full 0):
 garbage-first heap   total 253952K, used 81154K [0x00000000a0000000, 0x0000000100000000)
  region size 1024K, 65 young (66560K), 4 survivors (4096K)
 Metaspace       used 35218K, capacity 35991K, committed 36048K, reserved 1081344K
  class space    used 4534K, capacity 4840K, committed 4864K, reserved 1048576K
}
Event: 47.274 GC heap after
{Heap after GC invocations=8 (full 0):
 garbage-first heap   total 253952K, used 23113K [0x00000000a0000000, 0x0000000100000000)
  region size 1024K, 7 young (7168K), 7 survivors (7168K)
 Metaspace       used 35218K, capacity 35991K, committed 36048K, reserved 1081344K
  class space    used 4534K, capacity 4840K, committed 4864K, reserved 1048576K
}

